This is pdfTeX, Version 3.1415926-2.3-1.40.12 (TeX Live 2011/TWW) (format=pdflatex 2016.9.21)  26 SEP 2016 10:57
entering extended mode
 restricted \write18 enabled.
 %&-line parsing enabled.
**top.tex
(./top.tex
LaTeX2e <2009/09/24>
Babel <v3.8l> and hyphenation patterns for english, dumylang, nohyphenation, ge
rman-x-2009-06-19, ngerman-x-2009-06-19, afrikaans, ancientgreek, ibycus, arabi
c, armenian, basque, bulgarian, catalan, pinyin, coptic, croatian, czech, danis
h, dutch, ukenglish, usenglishmax, esperanto, estonian, ethiopic, farsi, finnis
h, french, galician, german, ngerman, swissgerman, monogreek, greek, hungarian,
 icelandic, assamese, bengali, gujarati, hindi, kannada, malayalam, marathi, or
iya, panjabi, tamil, telugu, indonesian, interlingua, irish, italian, kurmanji,
 lao, latin, latvian, lithuanian, mongolian, mongolianlmc, bokmal, nynorsk, pol
ish, portuguese, romanian, russian, sanskrit, serbian, serbianc, slovak, sloven
ian, spanish, swedish, turkish, turkmen, ukrainian, uppersorbian, welsh, loaded
.
(/opt/TWWfsw/texlive2011p/texmf-dist/tex/latex/base/report.cls
Document Class: report 2007/10/19 v1.4h Standard LaTeX document class
(/opt/TWWfsw/texlive2011p/texmf-dist/tex/latex/base/size10.clo
File: size10.clo 2007/10/19 v1.4h Standard LaTeX file (size option)
)
\c@part=\count79
\c@chapter=\count80
\c@section=\count81
\c@subsection=\count82
\c@subsubsection=\count83
\c@paragraph=\count84
\c@subparagraph=\count85
\c@figure=\count86
\c@table=\count87
\abovecaptionskip=\skip41
\belowcaptionskip=\skip42
\bibindent=\dimen102
)
(/opt/TWWfsw/texlive2011p/texmf-dist/tex/latex/listings/listings.sty
(/opt/TWWfsw/texlive2011p/texmf-dist/tex/latex/graphics/keyval.sty
Package: keyval 1999/03/16 v1.13 key=value parser (DPC)
\KV@toks@=\toks14
)
\lst@mode=\count88
\lst@gtempboxa=\box26
\lst@token=\toks15
\lst@length=\count89
\lst@currlwidth=\dimen103
\lst@column=\count90
\lst@pos=\count91
\lst@lostspace=\dimen104
\lst@width=\dimen105
\lst@newlines=\count92
\lst@lineno=\count93
\lst@maxwidth=\dimen106

(/opt/TWWfsw/texlive2011p/texmf-dist/tex/latex/listings/lstmisc.sty
File: lstmisc.sty 2007/02/22 1.4 (Carsten Heinz)
\c@lstnumber=\count94
\lst@skipnumbers=\count95
\lst@framebox=\box27
)
(/opt/TWWfsw/texlive2011p/texmf-dist/tex/latex/listings/listings.cfg
File: listings.cfg 2007/02/22 1.4 listings configuration
))
Package: listings 2007/02/22 1.4 (Carsten Heinz)

(/opt/TWWfsw/texlive2011p/texmf-dist/tex/latex/graphics/color.sty
Package: color 2005/11/14 v1.0j Standard LaTeX Color (DPC)

(/opt/TWWfsw/texlive2011p/texmf-dist/tex/latex/latexconfig/color.cfg
File: color.cfg 2007/01/18 v1.5 color configuration of teTeX/TeXLive
)
Package color Info: Driver file: pdftex.def on input line 130.

(/opt/TWWfsw/texlive2011p/texmf-dist/tex/latex/pdftex-def/pdftex.def
File: pdftex.def 2011/05/27 v0.06d Graphics/color for pdfTeX

(/opt/TWWfsw/texlive2011p/texmf-dist/tex/generic/oberdiek/infwarerr.sty
Package: infwarerr 2010/04/08 v1.3 Providing info/warning/message (HO)
)
(/opt/TWWfsw/texlive2011p/texmf-dist/tex/generic/oberdiek/ltxcmds.sty
Package: ltxcmds 2011/04/18 v1.20 LaTeX kernel commands for general use (HO)
)
\Gread@gobject=\count96
))
(/opt/TWWfsw/texlive2011p/texmf-dist/tex/latex/listings/lstlang1.sty
File: lstlang1.sty 2004/09/05 1.3 listings language file
)
(./top.aux)
\openout1 = `top.aux'.

LaTeX Font Info:    Checking defaults for OML/cmm/m/it on input line 37.
LaTeX Font Info:    ... okay on input line 37.
LaTeX Font Info:    Checking defaults for T1/cmr/m/n on input line 37.
LaTeX Font Info:    ... okay on input line 37.
LaTeX Font Info:    Checking defaults for OT1/cmr/m/n on input line 37.
LaTeX Font Info:    ... okay on input line 37.
LaTeX Font Info:    Checking defaults for OMS/cmsy/m/n on input line 37.
LaTeX Font Info:    ... okay on input line 37.
LaTeX Font Info:    Checking defaults for OMX/cmex/m/n on input line 37.
LaTeX Font Info:    ... okay on input line 37.
LaTeX Font Info:    Checking defaults for U/cmr/m/n on input line 37.
LaTeX Font Info:    ... okay on input line 37.
\c@lstlisting=\count97
 (/opt/TWWfsw/texlive2011p/texmf-dist/tex/context/base/supp-pdf.mkii
[Loading MPS to PDF converter (version 2006.09.02).]
\scratchcounter=\count98
\scratchdimen=\dimen107
\scratchbox=\box28
\nofMPsegments=\count99
\nofMParguments=\count100
\everyMPshowfont=\toks16
\MPscratchCnt=\count101
\MPscratchDim=\dimen108
\MPnumerator=\count102
\makeMPintoPDFobject=\count103
\everyMPtoPDFconversion=\toks17
)
LaTeX Font Info:    External font `cmex10' loaded for size
(Font)              <12> on input line 42.
LaTeX Font Info:    External font `cmex10' loaded for size
(Font)              <8> on input line 42.
LaTeX Font Info:    External font `cmex10' loaded for size
(Font)              <6> on input line 42.
 [1

{/opt/TWWfsw/texlive2011p/texmf/fonts/map/pdftex/updmap/pdftex.map}]
(./marketing.tex
LaTeX Font Info:    Try loading font information for OMS+cmr on input line 9.
 (/opt/TWWfsw/texlive2011p/texmf-dist/tex/latex/base/omscmr.fd
File: omscmr.fd 1999/05/25 v2.5h Standard LaTeX font definitions
)
LaTeX Font Info:    Font shape `OMS/cmr/m/n' in size <10> not available
(Font)              Font shape `OMS/cmsy/m/n' tried instead on input line 9.
) (./intro.tex) (./installation.tex [1]
Chapter 1.
(/opt/TWWfsw/texlive2011p/texmf-dist/tex/latex/listings/lstlang1.sty
File: lstlang1.sty 2004/09/05 1.3 listings language file
)
(/opt/TWWfsw/texlive2011p/texmf-dist/tex/latex/listings/lstlang1.sty
File: lstlang1.sty 2004/09/05 1.3 listings language file
) [2

]
[3]
Overfull \hbox (0.62817pt too wide) in paragraph at lines 140--143
[]\OT1/cmtt/m/n/10 python27-python-pip-1.5.6-5.el6.noarch\OT1/cmr/m/n/10 . Try 
di-rectly in-stalling that pack-
 []

LaTeX Font Info:    Font shape `OT1/cmtt/bx/n' in size <8> not available
(Font)              Font shape `OT1/cmtt/m/n' tried instead on input line 157.
[4] [5] [6]) (./op_dev.tex [7]
Chapter 2.

Overfull \hbox (27.47218pt too wide) in paragraph at lines 30--44
[]\OT1/cmr/m/n/10 In ei-ther case, the user/de-vel-oper writes their op-er-a-ti
on into a mod-ule []\OT1/cmtt/m/n/10 somefile.py
 []

[8

]) [9] (./top.aux) ) 
Here is how much of TeX's memory you used:
 2526 strings out of 493633
 34936 string characters out of 3142976
 174934 words of memory out of 3000000
 5838 multiletter control sequences out of 15000+200000
 9658 words of font info for 35 fonts, out of 3000000 for 9000
 831 hyphenation exceptions out of 8191
 30i,6n,45p,200b,1484s stack positions out of 5000i,500n,10000p,200000b,50000s
</opt/TWWfsw/texlive2011p/texmf-dist/fonts/type1/public/ams
fonts/cm/cmbx10.pfb></opt/TWWfsw/texlive2011p/texmf-dist/fonts/type1/public/ams
fonts/cm/cmbx12.pfb></opt/TWWfsw/texlive2011p/texmf-dist/fonts/type1/public/ams
fonts/cm/cmitt10.pfb></opt/TWWfsw/texlive2011p/texmf-dist/fonts/type1/public/am
sfonts/cm/cmr10.pfb></opt/TWWfsw/texlive2011p/texmf-dist/fonts/type1/public/ams
fonts/cm/cmr12.pfb></opt/TWWfsw/texlive2011p/texmf-dist/fonts/type1/public/amsf
onts/cm/cmr17.pfb></opt/TWWfsw/texlive2011p/texmf-dist/fonts/type1/public/amsfo
nts/cm/cmsy10.pfb></opt/TWWfsw/texlive2011p/texmf-dist/fonts/type1/public/amsfo
nts/cm/cmti10.pfb></opt/TWWfsw/texlive2011p/texmf-dist/fonts/type1/public/amsfo
nts/cm/cmtt10.pfb></opt/TWWfsw/texlive2011p/texmf-dist/fonts/type1/public/amsfo
nts/cm/cmtt8.pfb>
Output written on top.pdf (10 pages, 150404 bytes).
PDF statistics:
 77 PDF objects out of 1000 (max. 8388607)
 54 compressed objects within 1 object stream
 0 named destinations out of 1000 (max. 500000)
 1 words of extra memory for PDF output out of 10000 (max. 10000000)

